<?xml version="1.0" encoding="UTF-8"?>
<!-- Generated by org.testng.reporters.JUnitXMLReporter -->
<testsuite ignored="3" hostname="DESKTOP-QPBI68O" failures="3" tests="41" name="Test" time="386.241" errors="0" timestamp="2022-05-15T19:30:36 IST">
  <testcase classname="com.functionaltesting.base.TestBase1" name="@AfterMethod tearDown" time="0.022">
    <failure type="org.openqa.selenium.NoSuchWindowException" message="no such window: target window already closed
from unknown error: web view not found
  (Session info: chrome=101.0.4951.67)
Build info: version: &amp;apos;3.141.59&amp;apos;, revision: &amp;apos;e82be7d358&amp;apos;, time: &amp;apos;2018-11-14T08:17:03&amp;apos;
System info: host: &amp;apos;DESKTOP-QPBI68O&amp;apos;, ip: &amp;apos;192.168.0.103&amp;apos;, os.name: &amp;apos;Windows 10&amp;apos;, os.arch: &amp;apos;amd64&amp;apos;, os.version: &amp;apos;10.0&amp;apos;, java.version: &amp;apos;11.0.14&amp;apos;
Driver info: org.openqa.selenium.chrome.ChromeDriver
Capabilities {acceptInsecureCerts: false, browserName: chrome, browserVersion: 101.0.4951.67, chrome: {chromedriverVersion: 100.0.4896.60 (6a5d10861ce8..., userDataDir: C:\Users\vineetha\AppData\L...}, goog:chromeOptions: {debuggerAddress: localhost:65410}, javascriptEnabled: true, networkConnectionEnabled: false, pageLoadStrategy: normal, platform: WINDOWS, platformName: WINDOWS, proxy: Proxy(), setWindowRect: true, strictFileInteractability: false, timeouts: {implicit: 0, pageLoad: 300000, script: 30000}, unhandledPromptBehavior: dismiss and notify, webauthn:extension:credBlob: true, webauthn:extension:largeBlob: true, webauthn:virtualAuthenticators: true}
Session ID: 9a54987a97b0759395fa774efdd31aff">
      <![CDATA[org.openqa.selenium.NoSuchWindowException: no such window: target window already closed
from unknown error: web view not found
  (Session info: chrome=101.0.4951.67)
Build info: version: '3.141.59', revision: 'e82be7d358', time: '2018-11-14T08:17:03'
System info: host: 'DESKTOP-QPBI68O', ip: '192.168.0.103', os.name: 'Windows 10', os.arch: 'amd64', os.version: '10.0', java.version: '11.0.14'
Driver info: org.openqa.selenium.chrome.ChromeDriver
Capabilities {acceptInsecureCerts: false, browserName: chrome, browserVersion: 101.0.4951.67, chrome: {chromedriverVersion: 100.0.4896.60 (6a5d10861ce8..., userDataDir: C:\Users\vineetha\AppData\L...}, goog:chromeOptions: {debuggerAddress: localhost:65410}, javascriptEnabled: true, networkConnectionEnabled: false, pageLoadStrategy: normal, platform: WINDOWS, platformName: WINDOWS, proxy: Proxy(), setWindowRect: true, strictFileInteractability: false, timeouts: {implicit: 0, pageLoad: 300000, script: 30000}, unhandledPromptBehavior: dismiss and notify, webauthn:extension:credBlob: true, webauthn:extension:largeBlob: true, webauthn:virtualAuthenticators: true}
Session ID: 9a54987a97b0759395fa774efdd31aff
at org.openqa.selenium.remote.http.W3CHttpResponseCodec.createException(W3CHttpResponseCodec.java:187)
at org.openqa.selenium.remote.http.W3CHttpResponseCodec.decode(W3CHttpResponseCodec.java:122)
at org.openqa.selenium.remote.http.W3CHttpResponseCodec.decode(W3CHttpResponseCodec.java:49)
at org.openqa.selenium.remote.HttpCommandExecutor.execute(HttpCommandExecutor.java:158)
at org.openqa.selenium.remote.service.DriverCommandExecutor.execute(DriverCommandExecutor.java:83)
at org.openqa.selenium.remote.RemoteWebDriver.execute(RemoteWebDriver.java:552)
at org.openqa.selenium.remote.RemoteWebDriver.execute(RemoteWebDriver.java:609)
at org.openqa.selenium.remote.RemoteWebDriver.getScreenshotAs(RemoteWebDriver.java:295)
at com.functionaltesting.base.TestBase1.takeScreenshot(TestBase1.java:73)
at com.functionaltesting.base.TestBase1.tearDown(TestBase1.java:66)
at java.base/java.util.ArrayList.forEach(ArrayList.java:1541)
... Removed 35 stack frames]]>
    </failure>
  </testcase> <!-- @AfterMethod tearDown -->
  <testcase classname="com.functionaltesting.base.TestBase1" name="@AfterMethod tearDown" time="-1.652623235789E9">
    <skipped/>
  </testcase> <!-- @AfterMethod tearDown -->
  <testcase classname="com.functionaltesting.base.TestBase1" name="@AfterMethod tearDown" time="-1.652623235801E9">
    <skipped/>
  </testcase> <!-- @AfterMethod tearDown -->
  <testcase classname="com.functionaltesting.base.TestBase1" name="@AfterMethod tearDown" time="-1.652623235815E9">
    <skipped/>
  </testcase> <!-- @AfterMethod tearDown -->
  <testcase classname="com.functionaltesting.base.TestBase1" name="@AfterMethod tearDown" time="-1.652623235825E9">
    <skipped/>
  </testcase> <!-- @AfterMethod tearDown -->
  <testcase classname="com.functionaltesting.base.TestBase1" name="@AfterMethod tearDown" time="-1.652623235843E9">
    <skipped/>
  </testcase> <!-- @AfterMethod tearDown -->
  <testcase classname="com.functionaltesting.base.TestBase1" name="@AfterMethod tearDown" time="-1.652623235855E9">
    <skipped/>
  </testcase> <!-- @AfterMethod tearDown -->
  <testcase classname="com.functionaltesting.scripts.Customer_TestClass" name="CustomerLogin_invalid_mail" time="14.511"/>
  <testcase classname="com.functionaltesting.scripts.Customer_TestClass" name="CustomerLogin_invalid_Password" time="7.321"/>
  <testcase classname="com.functionaltesting.scripts.Customer_TestClass" name="customerValid_login" time="7.487"/>
  <testcase classname="com.functionaltesting.scripts.Customer_TestClass" name="mybooking_link_ViewVoucher" time="13.871"/>
  <testcase classname="com.functionaltesting.scripts.Customer_TestClass" name="add_Funds_link" time="7.512"/>
  <testcase classname="com.functionaltesting.scripts.Customer_TestClass" name="payment_link_click" time="48.859"/>
  <testcase classname="com.functionaltesting.scripts.Customer_TestClass" name="myprofile_click" time="19.343"/>
  <testcase classname="com.functionaltesting.scripts.Customer_TestClass" name="Customer_logout" time="7.784"/>
  <testcase classname="com.functionaltesting.scripts.Agent_TestClass" name="agent_login_InvalidEmail" time="7.123"/>
  <testcase classname="com.functionaltesting.scripts.Agent_TestClass" name="agent_login_InvalidPassword" time="7.095"/>
  <testcase classname="com.functionaltesting.scripts.Agent_TestClass" name="agent_login_validData" time="6.943"/>
  <testcase classname="com.functionaltesting.scripts.Agent_TestClass" name="MyBooking_links" time="4.249"/>
  <testcase classname="com.functionaltesting.scripts.Agent_TestClass" name="AddFunds_link" time="4.155"/>
  <testcase classname="com.functionaltesting.scripts.Agent_TestClass" name="MyProfile_link" time="4.52"/>
  <testcase classname="com.functionaltesting.scripts.Agent_TestClass" name="Home_link" time="5.765"/>
  <testcase classname="com.functionaltesting.scripts.Agent_TestClass" name="Flight_link" time="6.553"/>
  <testcase classname="com.functionaltesting.scripts.Agent_TestClass" name="Tours_link" time="4.376"/>
  <testcase classname="com.functionaltesting.scripts.Agent_TestClass" name="Visa_link" time="4.417"/>
  <testcase classname="com.functionaltesting.scripts.Agent_TestClass" name="Blog_link" time="4.759"/>
  <testcase classname="com.functionaltesting.scripts.Agent_TestClass" name="Offers_link" time="4.272"/>
  <testcase classname="com.functionaltesting.scripts.Agent_TestClass" name="update_currency" time="9.314"/>
  <testcase classname="com.functionaltesting.scripts.Agent_TestClass" name="search_hotel" time="21.08"/>
  <testcase classname="com.functionaltesting.scripts.Agent_TestClass" name="agent_logout" time="7.997"/>
  <testcase classname="com.functionaltesting.scripts.Supplier_TestClass" name="login_invalidEmail" time="13.248"/>
  <testcase classname="com.functionaltesting.scripts.Supplier_TestClass" name="login_invalidPassword" time="8.038"/>
  <testcase classname="com.functionaltesting.scripts.Supplier_TestClass" name="login_validata" time="8.007"/>
  <testcase classname="com.functionaltesting.scripts.Supplier_TestClass" name="Booking_status_Change" time="11.519"/>
  <testcase classname="com.functionaltesting.scripts.Supplier_TestClass" name="dashboard_salesview" time="2.03"/>
  <testcase classname="com.functionaltesting.scripts.Supplier_TestClass" name="RevenuebreakDown_GraphCheck" time="2.063"/>
  <testcase classname="com.functionaltesting.scripts.Supplier_TestClass" name="ToursLink_click" time="9.242"/>
  <testcase classname="com.functionaltesting.scripts.Supplier_TestClass" name="Booking_linkClick" time="5.545"/>
  <testcase classname="com.functionaltesting.scripts.Supplier_TestClass" name="logout_Supplier" time="11.575"/>
  <testcase classname="com.functionaltesting.scripts.Admin_TestClass" name="Admin_login_InvalidEmail" time="30.747">
    <failure type="org.openqa.selenium.ElementNotInteractableException" message="element not interactable
  (Session info: chrome=101.0.4951.67)
Build info: version: &amp;apos;3.141.59&amp;apos;, revision: &amp;apos;e82be7d358&amp;apos;, time: &amp;apos;2018-11-14T08:17:03&amp;apos;
System info: host: &amp;apos;DESKTOP-QPBI68O&amp;apos;, ip: &amp;apos;192.168.0.103&amp;apos;, os.name: &amp;apos;Windows 10&amp;apos;, os.arch: &amp;apos;amd64&amp;apos;, os.version: &amp;apos;10.0&amp;apos;, java.version: &amp;apos;11.0.14&amp;apos;
Driver info: org.openqa.selenium.chrome.ChromeDriver
Capabilities {acceptInsecureCerts: false, browserName: chrome, browserVersion: 101.0.4951.67, chrome: {chromedriverVersion: 100.0.4896.60 (6a5d10861ce8..., userDataDir: C:\Users\vineetha\AppData\L...}, goog:chromeOptions: {debuggerAddress: localhost:65410}, javascriptEnabled: true, networkConnectionEnabled: false, pageLoadStrategy: normal, platform: WINDOWS, platformName: WINDOWS, proxy: Proxy(), setWindowRect: true, strictFileInteractability: false, timeouts: {implicit: 0, pageLoad: 300000, script: 30000}, unhandledPromptBehavior: dismiss and notify, webauthn:extension:credBlob: true, webauthn:extension:largeBlob: true, webauthn:virtualAuthenticators: true}
Session ID: 9a54987a97b0759395fa774efdd31aff">
      <![CDATA[org.openqa.selenium.ElementNotInteractableException: element not interactable
  (Session info: chrome=101.0.4951.67)
Build info: version: '3.141.59', revision: 'e82be7d358', time: '2018-11-14T08:17:03'
System info: host: 'DESKTOP-QPBI68O', ip: '192.168.0.103', os.name: 'Windows 10', os.arch: 'amd64', os.version: '10.0', java.version: '11.0.14'
Driver info: org.openqa.selenium.chrome.ChromeDriver
Capabilities {acceptInsecureCerts: false, browserName: chrome, browserVersion: 101.0.4951.67, chrome: {chromedriverVersion: 100.0.4896.60 (6a5d10861ce8..., userDataDir: C:\Users\vineetha\AppData\L...}, goog:chromeOptions: {debuggerAddress: localhost:65410}, javascriptEnabled: true, networkConnectionEnabled: false, pageLoadStrategy: normal, platform: WINDOWS, platformName: WINDOWS, proxy: Proxy(), setWindowRect: true, strictFileInteractability: false, timeouts: {implicit: 0, pageLoad: 300000, script: 30000}, unhandledPromptBehavior: dismiss and notify, webauthn:extension:credBlob: true, webauthn:extension:largeBlob: true, webauthn:virtualAuthenticators: true}
Session ID: 9a54987a97b0759395fa774efdd31aff
at org.openqa.selenium.remote.http.W3CHttpResponseCodec.createException(W3CHttpResponseCodec.java:187)
at org.openqa.selenium.remote.http.W3CHttpResponseCodec.decode(W3CHttpResponseCodec.java:122)
at org.openqa.selenium.remote.http.W3CHttpResponseCodec.decode(W3CHttpResponseCodec.java:49)
at org.openqa.selenium.remote.HttpCommandExecutor.execute(HttpCommandExecutor.java:158)
at org.openqa.selenium.remote.service.DriverCommandExecutor.execute(DriverCommandExecutor.java:83)
at org.openqa.selenium.remote.RemoteWebDriver.execute(RemoteWebDriver.java:552)
at org.openqa.selenium.remote.RemoteWebElement.execute(RemoteWebElement.java:285)
at org.openqa.selenium.remote.RemoteWebElement.click(RemoteWebElement.java:84)
at org.openqa.selenium.support.pagefactory.internal.LocatingElementHandler.invoke(LocatingElementHandler.java:51)
at com.sun.proxy.$Proxy12.click(Unknown Source)
at com.functionaltesting.pages.AdminLogin_page.admin_linkclick(AdminLogin_page.java:41)
at com.functionaltesting.scripts.Admin_TestClass.Admin_login_InvalidEmail(Admin_TestClass.java:43)
at java.base/java.util.ArrayList.forEach(ArrayList.java:1541)
... Removed 34 stack frames]]>
    </failure>
  </testcase> <!-- Admin_login_InvalidEmail -->
  <testcase classname="com.functionaltesting.scripts.Admin_TestClass" name="Admin_login_InvalidPassword" time="30.187">
    <failure type="org.openqa.selenium.NoSuchElementException" message="no such element: Unable to locate element: {&amp;quot;method&amp;quot;:&amp;quot;xpath&amp;quot;,&amp;quot;selector&amp;quot;:&amp;quot;/html/body/div/div[1]/main/div/div/div/div[1]/div/form/div[1]/label/input&amp;quot;}
  (Session info: chrome=101.0.4951.67)
For documentation on this error, please visit: https://www.seleniumhq.org/exceptions/no_such_element.html
Build info: version: &amp;apos;3.141.59&amp;apos;, revision: &amp;apos;e82be7d358&amp;apos;, time: &amp;apos;2018-11-14T08:17:03&amp;apos;
System info: host: &amp;apos;DESKTOP-QPBI68O&amp;apos;, ip: &amp;apos;192.168.0.103&amp;apos;, os.name: &amp;apos;Windows 10&amp;apos;, os.arch: &amp;apos;amd64&amp;apos;, os.version: &amp;apos;10.0&amp;apos;, java.version: &amp;apos;11.0.14&amp;apos;
Driver info: org.openqa.selenium.chrome.ChromeDriver
Capabilities {acceptInsecureCerts: false, browserName: chrome, browserVersion: 101.0.4951.67, chrome: {chromedriverVersion: 100.0.4896.60 (6a5d10861ce8..., userDataDir: C:\Users\vineetha\AppData\L...}, goog:chromeOptions: {debuggerAddress: localhost:65410}, javascriptEnabled: true, networkConnectionEnabled: false, pageLoadStrategy: normal, platform: WINDOWS, platformName: WINDOWS, proxy: Proxy(), setWindowRect: true, strictFileInteractability: false, timeouts: {implicit: 0, pageLoad: 300000, script: 30000}, unhandledPromptBehavior: dismiss and notify, webauthn:extension:credBlob: true, webauthn:extension:largeBlob: true, webauthn:virtualAuthenticators: true}
Session ID: 9a54987a97b0759395fa774efdd31aff
*** Element info: {Using=xpath, value=/html/body/div/div[1]/main/div/div/div/div[1]/div/form/div[1]/label/input}">
      <![CDATA[org.openqa.selenium.NoSuchElementException: no such element: Unable to locate element: {"method":"xpath","selector":"/html/body/div/div[1]/main/div/div/div/div[1]/div/form/div[1]/label/input"}
  (Session info: chrome=101.0.4951.67)
For documentation on this error, please visit: https://www.seleniumhq.org/exceptions/no_such_element.html
Build info: version: '3.141.59', revision: 'e82be7d358', time: '2018-11-14T08:17:03'
System info: host: 'DESKTOP-QPBI68O', ip: '192.168.0.103', os.name: 'Windows 10', os.arch: 'amd64', os.version: '10.0', java.version: '11.0.14'
Driver info: org.openqa.selenium.chrome.ChromeDriver
Capabilities {acceptInsecureCerts: false, browserName: chrome, browserVersion: 101.0.4951.67, chrome: {chromedriverVersion: 100.0.4896.60 (6a5d10861ce8..., userDataDir: C:\Users\vineetha\AppData\L...}, goog:chromeOptions: {debuggerAddress: localhost:65410}, javascriptEnabled: true, networkConnectionEnabled: false, pageLoadStrategy: normal, platform: WINDOWS, platformName: WINDOWS, proxy: Proxy(), setWindowRect: true, strictFileInteractability: false, timeouts: {implicit: 0, pageLoad: 300000, script: 30000}, unhandledPromptBehavior: dismiss and notify, webauthn:extension:credBlob: true, webauthn:extension:largeBlob: true, webauthn:virtualAuthenticators: true}
Session ID: 9a54987a97b0759395fa774efdd31aff
*** Element info: {Using=xpath, value=/html/body/div/div[1]/main/div/div/div/div[1]/div/form/div[1]/label/input}
at org.openqa.selenium.remote.http.W3CHttpResponseCodec.createException(W3CHttpResponseCodec.java:187)
at org.openqa.selenium.remote.http.W3CHttpResponseCodec.decode(W3CHttpResponseCodec.java:122)
at org.openqa.selenium.remote.http.W3CHttpResponseCodec.decode(W3CHttpResponseCodec.java:49)
at org.openqa.selenium.remote.HttpCommandExecutor.execute(HttpCommandExecutor.java:158)
at org.openqa.selenium.remote.service.DriverCommandExecutor.execute(DriverCommandExecutor.java:83)
at org.openqa.selenium.remote.RemoteWebDriver.execute(RemoteWebDriver.java:552)
at org.openqa.selenium.remote.RemoteWebDriver.findElement(RemoteWebDriver.java:323)
at org.openqa.selenium.remote.RemoteWebDriver.findElementByXPath(RemoteWebDriver.java:428)
at org.openqa.selenium.By$ByXPath.findElement(By.java:353)
at org.openqa.selenium.remote.RemoteWebDriver.findElement(RemoteWebDriver.java:315)
at org.openqa.selenium.support.pagefactory.DefaultElementLocator.findElement(DefaultElementLocator.java:69)
at org.openqa.selenium.support.pagefactory.internal.LocatingElementHandler.invoke(LocatingElementHandler.java:38)
at com.sun.proxy.$Proxy12.clear(Unknown Source)
at com.functionaltesting.pages.AdminLogin_page.login(AdminLogin_page.java:46)
at com.functionaltesting.scripts.Admin_TestClass.Admin_login_InvalidPassword(Admin_TestClass.java:73)
at java.base/java.util.ArrayList.forEach(ArrayList.java:1541)
... Removed 31 stack frames]]>
    </failure>
  </testcase> <!-- Admin_login_InvalidPassword -->
  <testcase classname="com.functionaltesting.scripts.Admin_TestClass" name="Admin_login_ValidData" time="15.112">
    <failure type="org.openqa.selenium.NoSuchElementException" message="Cannot locate an element using xpath=/html/body/div/div[1]/main/div/div/div/div[1]/div/form/div[1]/label/input
For documentation on this error, please visit: https://www.seleniumhq.org/exceptions/no_such_element.html
Build info: version: &amp;apos;3.141.59&amp;apos;, revision: &amp;apos;e82be7d358&amp;apos;, time: &amp;apos;2018-11-14T08:17:03&amp;apos;
System info: host: &amp;apos;DESKTOP-QPBI68O&amp;apos;, ip: &amp;apos;192.168.0.103&amp;apos;, os.name: &amp;apos;Windows 10&amp;apos;, os.arch: &amp;apos;amd64&amp;apos;, os.version: &amp;apos;10.0&amp;apos;, java.version: &amp;apos;11.0.14&amp;apos;
Driver info: driver.version: RemoteWebDriver">
      <![CDATA[org.openqa.selenium.NoSuchElementException: Cannot locate an element using xpath=/html/body/div/div[1]/main/div/div/div/div[1]/div/form/div[1]/label/input
For documentation on this error, please visit: https://www.seleniumhq.org/exceptions/no_such_element.html
Build info: version: '3.141.59', revision: 'e82be7d358', time: '2018-11-14T08:17:03'
System info: host: 'DESKTOP-QPBI68O', ip: '192.168.0.103', os.name: 'Windows 10', os.arch: 'amd64', os.version: '10.0', java.version: '11.0.14'
Driver info: driver.version: RemoteWebDriver
at org.openqa.selenium.remote.RemoteWebDriver.findElement(RemoteWebDriver.java:327)
at org.openqa.selenium.remote.RemoteWebDriver.findElementByXPath(RemoteWebDriver.java:428)
at org.openqa.selenium.By$ByXPath.findElement(By.java:353)
at org.openqa.selenium.remote.RemoteWebDriver.findElement(RemoteWebDriver.java:315)
at org.openqa.selenium.support.pagefactory.DefaultElementLocator.findElement(DefaultElementLocator.java:69)
at org.openqa.selenium.support.pagefactory.internal.LocatingElementHandler.invoke(LocatingElementHandler.java:38)
at com.sun.proxy.$Proxy12.clear(Unknown Source)
at com.functionaltesting.pages.AdminLogin_page.login(AdminLogin_page.java:46)
at com.functionaltesting.scripts.Admin_TestClass.Admin_login_ValidData(Admin_TestClass.java:96)
at java.base/java.util.ArrayList.forEach(ArrayList.java:1541)
... Removed 27 stack frames]]>
    </failure>
  </testcase> <!-- Admin_login_ValidData -->
  <testcase classname="com.functionaltesting.scripts.Admin_TestClass" name="Test_bookingslink" time="0.0">
    <skipped/>
  </testcase> <!-- Test_bookingslink -->
  <testcase classname="com.functionaltesting.scripts.Admin_TestClass" name="Delete_Record" time="0.0">
    <skipped/>
  </testcase> <!-- Delete_Record -->
  <testcase classname="com.functionaltesting.scripts.Admin_TestClass" name="Display_Invoice" time="0.0">
    <skipped/>
  </testcase> <!-- Display_Invoice -->
  <testcase classname="com.functionaltesting.scripts.Admin_TestClass" name="test_websiteLink" time="0.0">
    <skipped/>
  </testcase> <!-- test_websiteLink -->
  <testcase classname="com.functionaltesting.scripts.Admin_TestClass" name="BookingStatus_Change" time="0.0">
    <skipped/>
  </testcase> <!-- BookingStatus_Change -->
  <testcase classname="com.functionaltesting.scripts.Admin_TestClass" name="logout" time="0.0">
    <skipped/>
  </testcase> <!-- logout -->
  <testcase classname="com.functionaltesting.base.TestBase1" name="@BeforeTest onSetup" time="0.0">
    <ignored/>
  </testcase> <!-- @BeforeTest onSetup -->
  <testcase classname="com.functionaltesting.base.TestBase1" name="@BeforeTest onSetup" time="0.0">
    <ignored/>
  </testcase> <!-- @BeforeTest onSetup -->
  <testcase classname="com.functionaltesting.base.TestBase1" name="@BeforeTest onSetup" time="0.0">
    <ignored/>
  </testcase> <!-- @BeforeTest onSetup -->
</testsuite> <!-- Test -->
